<?xml version="1.0" encoding="UTF-8"?>
<!-- Generated by org.testng.reporters.JUnitReportReporter -->
<testsuite skipped="0" hostname="Rahul" name="com.seleniumAdvance.app.ObjectMapTest" tests="1" failures="0" timestamp="25 May 2018 12:04:10 GMT" time="0.915" errors="0">
  <testcase name="ObjectMapTest1" time="0.915" classname="com.seleniumAdvance.app.ObjectMapTest"/>
</testsuite> <!-- com.seleniumAdvance.app.ObjectMapTest -->
