<?xml version="1.0" encoding="UTF-8"?>
<!-- Generated by org.testng.reporters.JUnitReportReporter -->
<testsuite skipped="0" hostname="Rahul" name="com.seleniumAdvance.app.WebElementExtenderTest" tests="1" failures="0" timestamp="25 May 2018 09:36:36 GMT" time="4.505" errors="0">
  <testcase name="searchGoogleTest" time="4.505" classname="com.seleniumAdvance.app.WebElementExtenderTest"/>
</testsuite> <!-- com.seleniumAdvance.app.WebElementExtenderTest -->
