<?xml version="1.0" encoding="UTF-8"?>
<!-- Generated by org.testng.reporters.JUnitReportReporter -->
<testsuite skipped="0" hostname="Rahul" name="com.seleniumAdvance.app.WebTableTest" tests="1" failures="0" timestamp="23 May 2018 18:39:33 GMT" time="0.768" errors="0">
  <testcase name="WebTableTest1" time="0.768" classname="com.seleniumAdvance.app.WebTableTest"/>
</testsuite> <!-- com.seleniumAdvance.app.WebTableTest -->
